2025-03-09 13:38:13,442 - freqtrade.loggers - INFO - Verbosity set to 0
2025-03-09 13:38:13,444 - freqtrade.configuration.configuration - INFO - Runmode set to dry_run.
2025-03-09 13:38:13,446 - freqtrade.configuration.configuration - INFO - Parameter --db-url detected ...
2025-03-09 13:38:13,447 - freqtrade.configuration.configuration - INFO - Dry run is enabled
2025-03-09 13:38:13,449 - freqtrade.configuration.configuration - INFO - Using DB: "sqlite:////freqtrade/user_data/tradesv3.sqlite"
2025-03-09 13:38:13,450 - freqtrade.configuration.configuration - INFO - Using max_open_trades: 3 ...
2025-03-09 13:38:13,572 - freqtrade.configuration.configuration - INFO - Using user-data directory: /freqtrade/user_data ...
2025-03-09 13:38:13,577 - freqtrade.configuration.directory_operations - INFO - Created data directory: None
2025-03-09 13:38:13,580 - freqtrade.configuration.configuration - INFO - Using data directory: /freqtrade/user_data/data/binance ...
2025-03-09 13:38:13,584 - freqtrade.exchange.check_exchange - INFO - Checking exchange...
2025-03-09 13:38:13,614 - freqtrade.exchange.check_exchange - INFO - Exchange "binance" is officially supported by the Freqtrade development team.
2025-03-09 13:38:13,616 - freqtrade.configuration.configuration - INFO - Using pairlist from configuration.
2025-03-09 13:38:13,691 - freqtrade.resolvers.iresolver - INFO - Using resolved strategy SampleStrategy from '/freqtrade/user_data/strategies/sample_strategy.py'...
2025-03-09 13:38:13,693 - freqtrade.strategy.hyper - INFO - Found no parameter file.
2025-03-09 13:38:13,696 - freqtrade.resolvers.strategy_resolver - INFO - Override strategy 'stake_currency' with value in config file: USDT.
2025-03-09 13:38:13,698 - freqtrade.resolvers.strategy_resolver - INFO - Override strategy 'stake_amount' with value in config file: unlimited.
2025-03-09 13:38:13,699 - freqtrade.resolvers.strategy_resolver - INFO - Override strategy 'unfilledtimeout' with value in config file: {'entry': 10, 'exit': 10, 'exit_timeout_count': 0, 'unit': 'minutes'}.
2025-03-09 13:38:13,701 - freqtrade.resolvers.strategy_resolver - INFO - Override strategy 'max_open_trades' with value in config file: 3.
2025-03-09 13:38:13,702 - freqtrade.resolvers.strategy_resolver - INFO - Strategy using minimal_roi: {'60': 0.01, '30': 0.02, '0': 0.04}
2025-03-09 13:38:13,704 - freqtrade.resolvers.strategy_resolver - INFO - Strategy using timeframe: 5m
2025-03-09 13:38:13,706 - freqtrade.resolvers.strategy_resolver - INFO - Strategy using stoploss: -0.1
2025-03-09 13:38:13,709 - freqtrade.resolvers.strategy_resolver - INFO - Strategy using trailing_stop: False
2025-03-09 13:38:13,710 - freqtrade.resolvers.strategy_resolver - INFO - Strategy using trailing_stop_positive_offset: 0.0
2025-03-09 13:38:13,712 - freqtrade.resolvers.strategy_resolver - INFO - Strategy using trailing_only_offset_is_reached: False
2025-03-09 13:38:13,713 - freqtrade.resolvers.strategy_resolver - INFO - Strategy using use_custom_stoploss: False
2025-03-09 13:38:13,714 - freqtrade.resolvers.strategy_resolver - INFO - Strategy using process_only_new_candles: True
2025-03-09 13:38:13,716 - freqtrade.resolvers.strategy_resolver - INFO - Strategy using order_types: {'entry': 'limit', 'exit': 'limit', 'stoploss': 'market', 'stoploss_on_exchange': False}
2025-03-09 13:38:13,717 - freqtrade.resolvers.strategy_resolver - INFO - Strategy using order_time_in_force: {'entry': 'GTC', 'exit': 'GTC'}
2025-03-09 13:38:13,719 - freqtrade.resolvers.strategy_resolver - INFO - Strategy using stake_currency: USDT
2025-03-09 13:38:13,721 - freqtrade.resolvers.strategy_resolver - INFO - Strategy using stake_amount: unlimited
2025-03-09 13:38:13,723 - freqtrade.resolvers.strategy_resolver - INFO - Strategy using startup_candle_count: 200
2025-03-09 13:38:13,725 - freqtrade.resolvers.strategy_resolver - INFO - Strategy using unfilledtimeout: {'entry': 10, 'exit': 10, 'exit_timeout_count': 0, 'unit': 'minutes'}
2025-03-09 13:38:13,727 - freqtrade.resolvers.strategy_resolver - INFO - Strategy using use_exit_signal: True
2025-03-09 13:38:13,729 - freqtrade.resolvers.strategy_resolver - INFO - Strategy using exit_profit_only: False
2025-03-09 13:38:13,731 - freqtrade.resolvers.strategy_resolver - INFO - Strategy using ignore_roi_if_entry_signal: False
2025-03-09 13:38:13,732 - freqtrade.resolvers.strategy_resolver - INFO - Strategy using exit_profit_offset: 0.0
2025-03-09 13:38:13,734 - freqtrade.resolvers.strategy_resolver - INFO - Strategy using disable_dataframe_checks: False
2025-03-09 13:38:13,735 - freqtrade.resolvers.strategy_resolver - INFO - Strategy using ignore_buying_expired_candle_after: 0
2025-03-09 13:38:13,737 - freqtrade.resolvers.strategy_resolver - INFO - Strategy using position_adjustment_enable: False
2025-03-09 13:38:13,739 - freqtrade.resolvers.strategy_resolver - INFO - Strategy using max_entry_position_adjustment: -1
2025-03-09 13:38:13,740 - freqtrade.resolvers.strategy_resolver - INFO - Strategy using max_open_trades: 3
2025-03-09 13:38:13,742 - freqtrade.configuration.config_validation - INFO - Validating configuration ...
2025-03-09 13:38:13,748 - freqtrade.exchange.exchange - INFO - Instance is running with dry_run enabled
2025-03-09 13:38:13,750 - freqtrade.exchange.exchange - INFO - Using CCXT 4.4.62
2025-03-09 13:38:13,839 - freqtrade.exchange.exchange - INFO - Using Exchange "Binance"
2025-03-09 13:38:17,125 - freqtrade.resolvers.exchange_resolver - INFO - Using resolved exchange 'Binance'...
2025-03-09 13:38:17,973 - freqtrade.wallets - INFO - Wallets synced.
2025-03-09 13:38:18,305 - freqtrade.rpc.rpc_manager - INFO - Enabling rpc.api_server
2025-03-09 13:38:18,845 - freqtrade.rpc.api_server.webserver - INFO - Starting HTTP Server at 0.0.0.0:8080
2025-03-09 13:38:18,848 - freqtrade.rpc.api_server.webserver - INFO - Starting Local Rest Server.
2025-03-09 13:38:18,935 - uvicorn.error - INFO - Started server process [1]
2025-03-09 13:38:18,937 - uvicorn.error - INFO - Waiting for application startup.
2025-03-09 13:38:18,941 - uvicorn.error - INFO - Application startup complete.
2025-03-09 13:38:18,946 - uvicorn.error - INFO - Uvicorn running on http://0.0.0.0:8080 (Press CTRL+C to quit)
2025-03-09 13:38:18,965 - freqtrade.resolvers.iresolver - INFO - Using resolved pairlist VolumePairList from '/freqtrade/freqtrade/plugins/pairlist/VolumePairList.py'...
2025-03-09 13:38:18,969 - freqtrade.freqtradebot - INFO - Starting initial pairlist refresh
2025-03-09 13:38:19,754 - VolumePairList - INFO - Pair BNB/USDT in your blacklist. Removing it from whitelist...
2025-03-09 13:38:19,857 - freqtrade.plugins.pairlistmanager - INFO - Whitelist with 20 pairs: ['BTC/USDT', 'ETH/USDT', 'FDUSD/USDT', 'USDC/USDT', 'XRP/USDT', 'SOL/USDT', 'ADA/USDT', 'DOGE/USDT', 'SUI/USDT', 'TRUMP/USDT', 'ENA/USDT', 'PEPE/USDT', 'TRX/USDT', 'RUNE/USDT', 'LTC/USDT', 'HBAR/USDT', 'WIF/USDT', 'AVAX/USDT', 'S/USDT', 'LINK/USDT']
2025-03-09 13:38:19,860 - freqtrade.freqtradebot - INFO - Initial Pairlist refresh took 0.89s
2025-03-09 13:38:19,863 - freqtrade.strategy.hyper - INFO - No params for buy found, using default values.
2025-03-09 13:38:19,866 - freqtrade.strategy.hyper - INFO - Strategy Parameter(default): buy_rsi = 30
2025-03-09 13:38:19,869 - freqtrade.strategy.hyper - INFO - Strategy Parameter(default): exit_short_rsi = 30
2025-03-09 13:38:19,872 - freqtrade.strategy.hyper - INFO - No params for sell found, using default values.
2025-03-09 13:38:19,874 - freqtrade.strategy.hyper - INFO - Strategy Parameter(default): sell_rsi = 70
2025-03-09 13:38:19,875 - freqtrade.strategy.hyper - INFO - Strategy Parameter(default): short_rsi = 70
2025-03-09 13:38:19,876 - freqtrade.strategy.hyper - INFO - No params for protection found, using default values.
2025-03-09 13:38:19,878 - freqtrade.plugins.protectionmanager - INFO - No protection Handlers defined.
2025-03-09 13:38:19,880 - freqtrade.rpc.rpc_manager - INFO - Sending rpc message: {'type': status, 'status': 'running'}
2025-03-09 13:38:19,881 - freqtrade.worker - INFO - Changing state to: RUNNING
2025-03-09 13:38:19,940 - freqtrade.rpc.rpc_manager - INFO - Sending rpc message: {'type': warning, 'status': 'Dry run is enabled. All trades are simulated.'}
2025-03-09 13:38:19,943 - freqtrade.rpc.rpc_manager - INFO - Sending rpc message: {'type': startup, 'status': "*Exchange:* `binance`\n*Stake per trade:* `unlimited USDT`\n*Minimum ROI:* `{'60': 0.01, '30': 0.02, '0': 0.04}`\n*Stoploss:* `-0.1`\n*Position adjustment:* `Off`\n*Timeframe:* `5m`\n*Strategy:* `SampleStrategy`"}
2025-03-09 13:38:19,946 - freqtrade.rpc.rpc_manager - INFO - Sending rpc message: {'type': startup, 'status': "Searching for USDT pairs to buy and sell based on [{'VolumePairList': 'VolumePairList - top 20 volume pairs.'}]"}
2025-03-09 13:38:24,967 - freqtrade.worker - INFO - Bot heartbeat. PID=1, version='2025.2', state='RUNNING'
2025-03-09 13:38:45,464 - uvicorn.error - INFO - ('172.18.0.1', 49466) - "WebSocket /api/v1/message/ws?token=eyJhbGciOiJIUzI1NiIsInR5cCI6IkpXVCJ9.eyJpZGVudGl0eSI6eyJ1IjoiZnEifSwiZXhwIjoxNzQxNTI4NDI0LCJpYXQiOjE3NDE1Mjc1MjQsInR5cGUiOiJhY2Nlc3MifQ.g65VnqSExeB2c4h3lW2wVYBEPBY-R2u_W1N5OXjjYp8" [accepted]
2025-03-09 13:38:45,474 - freqtrade.rpc.api_server.ws.channel - INFO - Connected to channel - WebSocketChannel(62f07ef8, ('172.18.0.1', 49466))
2025-03-09 13:38:45,478 - uvicorn.error - INFO - connection open
2025-03-09 13:38:45,778 - uvicorn.error - INFO - ('172.18.0.1', 49474) - "WebSocket /api/v1/message/ws?token=eyJhbGciOiJIUzI1NiIsInR5cCI6IkpXVCJ9.eyJpZGVudGl0eSI6eyJ1IjoiZnEifSwiZXhwIjoxNzQxNTI4NDI0LCJpYXQiOjE3NDE1Mjc1MjQsInR5cGUiOiJhY2Nlc3MifQ.g65VnqSExeB2c4h3lW2wVYBEPBY-R2u_W1N5OXjjYp8" [accepted]
2025-03-09 13:38:45,780 - freqtrade.rpc.api_server.ws.channel - INFO - Connected to channel - WebSocketChannel(6c1e5773, ('172.18.0.1', 49474))
2025-03-09 13:38:45,783 - uvicorn.error - INFO - connection open
2025-03-09 13:39:24,970 - freqtrade.worker - INFO - Bot heartbeat. PID=1, version='2025.2', state='RUNNING'
2025-03-09 13:40:17,831 - freqtrade.commands.trade_commands - INFO - worker found ... calling exit
2025-03-09 13:40:17,836 - freqtrade.rpc.rpc_manager - INFO - Sending rpc message: {'type': status, 'status': 'process died'}
2025-03-09 13:40:17,844 - freqtrade.freqtradebot - INFO - Cleaning up modules ...
2025-03-09 13:40:17,849 - freqtrade.rpc.rpc_manager - INFO - Cleaning up rpc modules ...
2025-03-09 13:40:17,851 - freqtrade.rpc.rpc_manager - INFO - Cleaning up rpc.apiserver ...
2025-03-09 13:40:17,852 - freqtrade.rpc.api_server.webserver - INFO - Stopping API Server
2025-03-09 13:40:17,932 - uvicorn.error - INFO - Shutting down
2025-03-09 13:40:17,939 - uvicorn.error - INFO - connection closed
2025-03-09 13:40:17,943 - uvicorn.error - INFO - connection closed
2025-03-09 13:40:17,951 - freqtrade.rpc.api_server.ws.channel - INFO - Disconnected from channel - WebSocketChannel(6c1e5773, ('172.18.0.1', 49474))
2025-03-09 13:40:17,955 - freqtrade.rpc.api_server.ws.channel - INFO - Disconnected from channel - WebSocketChannel(62f07ef8, ('172.18.0.1', 49466))
2025-03-09 13:40:18,037 - uvicorn.error - INFO - Waiting for application shutdown.
2025-03-09 13:40:18,041 - uvicorn.error - INFO - Application shutdown complete.
2025-03-09 13:40:18,044 - uvicorn.error - INFO - Finished server process [1]
2025-03-09 13:40:18,049 - freqtrade.exchange.exchange_ws - INFO - Resetting WS connections.
2025-03-09 13:40:18,054 - freqtrade.exchange.exchange_ws - INFO - RUNE/USDT, 5m, spot - Task finished - cancelled
2025-03-09 13:40:18,058 - freqtrade.exchange.exchange_ws - INFO - ETH/USDT, 5m, spot - Task finished - cancelled
2025-03-09 13:40:18,063 - freqtrade.exchange.exchange_ws - INFO - LINK/USDT, 5m, spot - Task finished - cancelled
2025-03-09 13:40:18,067 - freqtrade.exchange.exchange_ws - INFO - ENA/USDT, 5m, spot - Task finished - cancelled
2025-03-09 13:40:18,073 - freqtrade.exchange.exchange_ws - INFO - USDC/USDT, 5m, spot - Task finished - cancelled
2025-03-09 13:40:18,077 - freqtrade.exchange.exchange_ws - INFO - TRUMP/USDT, 5m, spot - Task finished - cancelled
2025-03-09 13:40:18,083 - freqtrade.exchange.exchange_ws - INFO - S/USDT, 5m, spot - Task finished - cancelled
2025-03-09 13:40:18,091 - freqtrade.exchange.exchange_ws - INFO - XRP/USDT, 5m, spot - Task finished - cancelled
2025-03-09 13:40:18,095 - freqtrade.exchange.exchange_ws - INFO - DOGE/USDT, 5m, spot - Task finished - cancelled
2025-03-09 13:40:18,100 - freqtrade.exchange.exchange_ws - INFO - SOL/USDT, 5m, spot - Task finished - cancelled
2025-03-09 13:40:18,102 - freqtrade.exchange.exchange_ws - INFO - BTC/USDT, 5m, spot - Task finished - cancelled
2025-03-09 13:40:18,106 - freqtrade.exchange.exchange_ws - INFO - SUI/USDT, 5m, spot - Task finished - cancelled
2025-03-09 13:40:18,109 - freqtrade.exchange.exchange_ws - INFO - HBAR/USDT, 5m, spot - Task finished - cancelled
2025-03-09 13:40:18,113 - freqtrade.exchange.exchange_ws - INFO - PEPE/USDT, 5m, spot - Task finished - cancelled
2025-03-09 13:40:18,115 - freqtrade.exchange.exchange_ws - INFO - AVAX/USDT, 5m, spot - Task finished - cancelled
2025-03-09 13:40:18,117 - freqtrade.exchange.exchange_ws - INFO - FDUSD/USDT, 5m, spot - Task finished - cancelled
2025-03-09 13:40:18,120 - freqtrade.exchange.exchange_ws - INFO - ADA/USDT, 5m, spot - Task finished - cancelled
2025-03-09 13:40:18,122 - freqtrade.exchange.exchange_ws - INFO - TRX/USDT, 5m, spot - Task finished - cancelled
2025-03-09 13:40:18,124 - freqtrade.exchange.exchange_ws - INFO - WIF/USDT, 5m, spot - Task finished - cancelled
2025-03-09 13:40:18,127 - freqtrade.exchange.exchange_ws - INFO - LTC/USDT, 5m, spot - Task finished - cancelled
2025-03-09 13:40:18,135 - freqtrade.exchange.exchange_ws - ERROR - Exception in _unwatch_ohlcv
Traceback (most recent call last):
  File "/freqtrade/freqtrade/exchange/exchange_ws.py", line 144, in _unwatch_ohlcv
    await self._ccxt_object.un_watch_ohlcv_for_symbols([[pair, timeframe]])
  File "/home/ftuser/.local/lib/python3.12/site-packages/ccxt/pro/binance.py", line 1455, in un_watch_ohlcv_for_symbols
    return await self.watch_multiple(url, messageHashes, self.extend(request, params), messageHashes, subscribe)
           ^^^^^^^^^^^^^^^^^^^^^^^^^^^^^^^^^^^^^^^^^^^^^^^^^^^^^^^^^^^^^^^^^^^^^^^^^^^^^^^^^^^^^^^^^^^^^^^^^^^^^
  File "/home/ftuser/.local/lib/python3.12/site-packages/ccxt/async_support/base/ws/future.py", line 41, in callback
    f.result()
ccxt.base.errors.NetworkError: Connection closed by remote server, closing code 1000
2025-03-09 13:40:18,143 - freqtrade.exchange.exchange_ws - ERROR - Exception in _unwatch_ohlcv
Traceback (most recent call last):
  File "/freqtrade/freqtrade/exchange/exchange_ws.py", line 144, in _unwatch_ohlcv
    await self._ccxt_object.un_watch_ohlcv_for_symbols([[pair, timeframe]])
  File "/home/ftuser/.local/lib/python3.12/site-packages/ccxt/pro/binance.py", line 1455, in un_watch_ohlcv_for_symbols
    return await self.watch_multiple(url, messageHashes, self.extend(request, params), messageHashes, subscribe)
           ^^^^^^^^^^^^^^^^^^^^^^^^^^^^^^^^^^^^^^^^^^^^^^^^^^^^^^^^^^^^^^^^^^^^^^^^^^^^^^^^^^^^^^^^^^^^^^^^^^^^^
  File "/home/ftuser/.local/lib/python3.12/site-packages/ccxt/async_support/base/ws/future.py", line 41, in callback
    f.result()
ccxt.base.errors.NetworkError: Connection closed by remote server, closing code 1000
2025-03-09 13:40:18,145 - freqtrade.exchange.exchange_ws - ERROR - Exception in _unwatch_ohlcv
Traceback (most recent call last):
  File "/freqtrade/freqtrade/exchange/exchange_ws.py", line 144, in _unwatch_ohlcv
    await self._ccxt_object.un_watch_ohlcv_for_symbols([[pair, timeframe]])
  File "/home/ftuser/.local/lib/python3.12/site-packages/ccxt/pro/binance.py", line 1455, in un_watch_ohlcv_for_symbols
    return await self.watch_multiple(url, messageHashes, self.extend(request, params), messageHashes, subscribe)
           ^^^^^^^^^^^^^^^^^^^^^^^^^^^^^^^^^^^^^^^^^^^^^^^^^^^^^^^^^^^^^^^^^^^^^^^^^^^^^^^^^^^^^^^^^^^^^^^^^^^^^
  File "/home/ftuser/.local/lib/python3.12/site-packages/ccxt/async_support/base/ws/future.py", line 41, in callback
    f.result()
ccxt.base.errors.NetworkError: Connection closed by remote server, closing code 1000
2025-03-09 13:40:18,149 - freqtrade.exchange.exchange_ws - ERROR - Exception in _unwatch_ohlcv
Traceback (most recent call last):
  File "/freqtrade/freqtrade/exchange/exchange_ws.py", line 144, in _unwatch_ohlcv
    await self._ccxt_object.un_watch_ohlcv_for_symbols([[pair, timeframe]])
  File "/home/ftuser/.local/lib/python3.12/site-packages/ccxt/pro/binance.py", line 1455, in un_watch_ohlcv_for_symbols
    return await self.watch_multiple(url, messageHashes, self.extend(request, params), messageHashes, subscribe)
           ^^^^^^^^^^^^^^^^^^^^^^^^^^^^^^^^^^^^^^^^^^^^^^^^^^^^^^^^^^^^^^^^^^^^^^^^^^^^^^^^^^^^^^^^^^^^^^^^^^^^^
  File "/home/ftuser/.local/lib/python3.12/site-packages/ccxt/async_support/base/ws/future.py", line 41, in callback
    f.result()
ccxt.base.errors.NetworkError: Connection closed by remote server, closing code 1000
2025-03-09 13:40:18,152 - freqtrade.exchange.exchange_ws - ERROR - Exception in _unwatch_ohlcv
Traceback (most recent call last):
  File "/freqtrade/freqtrade/exchange/exchange_ws.py", line 144, in _unwatch_ohlcv
    await self._ccxt_object.un_watch_ohlcv_for_symbols([[pair, timeframe]])
  File "/home/ftuser/.local/lib/python3.12/site-packages/ccxt/pro/binance.py", line 1455, in un_watch_ohlcv_for_symbols
    return await self.watch_multiple(url, messageHashes, self.extend(request, params), messageHashes, subscribe)
           ^^^^^^^^^^^^^^^^^^^^^^^^^^^^^^^^^^^^^^^^^^^^^^^^^^^^^^^^^^^^^^^^^^^^^^^^^^^^^^^^^^^^^^^^^^^^^^^^^^^^^
  File "/home/ftuser/.local/lib/python3.12/site-packages/ccxt/async_support/base/ws/future.py", line 41, in callback
    f.result()
ccxt.base.errors.NetworkError: Connection closed by remote server, closing code 1000
2025-03-09 13:40:18,156 - freqtrade.exchange.exchange_ws - ERROR - Exception in _unwatch_ohlcv
Traceback (most recent call last):
  File "/freqtrade/freqtrade/exchange/exchange_ws.py", line 144, in _unwatch_ohlcv
    await self._ccxt_object.un_watch_ohlcv_for_symbols([[pair, timeframe]])
  File "/home/ftuser/.local/lib/python3.12/site-packages/ccxt/pro/binance.py", line 1455, in un_watch_ohlcv_for_symbols
    return await self.watch_multiple(url, messageHashes, self.extend(request, params), messageHashes, subscribe)
           ^^^^^^^^^^^^^^^^^^^^^^^^^^^^^^^^^^^^^^^^^^^^^^^^^^^^^^^^^^^^^^^^^^^^^^^^^^^^^^^^^^^^^^^^^^^^^^^^^^^^^
  File "/home/ftuser/.local/lib/python3.12/site-packages/ccxt/async_support/base/ws/future.py", line 41, in callback
    f.result()
ccxt.base.errors.NetworkError: Connection closed by remote server, closing code 1000
2025-03-09 13:40:18,159 - freqtrade.exchange.exchange_ws - ERROR - Exception in _unwatch_ohlcv
Traceback (most recent call last):
  File "/freqtrade/freqtrade/exchange/exchange_ws.py", line 144, in _unwatch_ohlcv
    await self._ccxt_object.un_watch_ohlcv_for_symbols([[pair, timeframe]])
  File "/home/ftuser/.local/lib/python3.12/site-packages/ccxt/pro/binance.py", line 1455, in un_watch_ohlcv_for_symbols
    return await self.watch_multiple(url, messageHashes, self.extend(request, params), messageHashes, subscribe)
           ^^^^^^^^^^^^^^^^^^^^^^^^^^^^^^^^^^^^^^^^^^^^^^^^^^^^^^^^^^^^^^^^^^^^^^^^^^^^^^^^^^^^^^^^^^^^^^^^^^^^^
  File "/home/ftuser/.local/lib/python3.12/site-packages/ccxt/async_support/base/ws/future.py", line 41, in callback
    f.result()
ccxt.base.errors.NetworkError: Connection closed by remote server, closing code 1000
2025-03-09 13:40:18,163 - freqtrade.exchange.exchange_ws - ERROR - Exception in _unwatch_ohlcv
Traceback (most recent call last):
  File "/freqtrade/freqtrade/exchange/exchange_ws.py", line 144, in _unwatch_ohlcv
    await self._ccxt_object.un_watch_ohlcv_for_symbols([[pair, timeframe]])
  File "/home/ftuser/.local/lib/python3.12/site-packages/ccxt/pro/binance.py", line 1455, in un_watch_ohlcv_for_symbols
    return await self.watch_multiple(url, messageHashes, self.extend(request, params), messageHashes, subscribe)
           ^^^^^^^^^^^^^^^^^^^^^^^^^^^^^^^^^^^^^^^^^^^^^^^^^^^^^^^^^^^^^^^^^^^^^^^^^^^^^^^^^^^^^^^^^^^^^^^^^^^^^
  File "/home/ftuser/.local/lib/python3.12/site-packages/ccxt/async_support/base/ws/future.py", line 41, in callback
    f.result()
ccxt.base.errors.NetworkError: Connection closed by remote server, closing code 1000
2025-03-09 13:40:18,167 - freqtrade.exchange.exchange_ws - ERROR - Exception in _unwatch_ohlcv
Traceback (most recent call last):
  File "/freqtrade/freqtrade/exchange/exchange_ws.py", line 144, in _unwatch_ohlcv
    await self._ccxt_object.un_watch_ohlcv_for_symbols([[pair, timeframe]])
  File "/home/ftuser/.local/lib/python3.12/site-packages/ccxt/pro/binance.py", line 1455, in un_watch_ohlcv_for_symbols
    return await self.watch_multiple(url, messageHashes, self.extend(request, params), messageHashes, subscribe)
           ^^^^^^^^^^^^^^^^^^^^^^^^^^^^^^^^^^^^^^^^^^^^^^^^^^^^^^^^^^^^^^^^^^^^^^^^^^^^^^^^^^^^^^^^^^^^^^^^^^^^^
  File "/home/ftuser/.local/lib/python3.12/site-packages/ccxt/async_support/base/ws/future.py", line 41, in callback
    f.result()
ccxt.base.errors.NetworkError: Connection closed by remote server, closing code 1000
2025-03-09 13:40:18,171 - freqtrade.exchange.exchange_ws - ERROR - Exception in _unwatch_ohlcv
Traceback (most recent call last):
  File "/freqtrade/freqtrade/exchange/exchange_ws.py", line 144, in _unwatch_ohlcv
    await self._ccxt_object.un_watch_ohlcv_for_symbols([[pair, timeframe]])
  File "/home/ftuser/.local/lib/python3.12/site-packages/ccxt/pro/binance.py", line 1455, in un_watch_ohlcv_for_symbols
    return await self.watch_multiple(url, messageHashes, self.extend(request, params), messageHashes, subscribe)
           ^^^^^^^^^^^^^^^^^^^^^^^^^^^^^^^^^^^^^^^^^^^^^^^^^^^^^^^^^^^^^^^^^^^^^^^^^^^^^^^^^^^^^^^^^^^^^^^^^^^^^
  File "/home/ftuser/.local/lib/python3.12/site-packages/ccxt/async_support/base/ws/future.py", line 41, in callback
    f.result()
ccxt.base.errors.NetworkError: Connection closed by remote server, closing code 1000
2025-03-09 13:40:18,174 - freqtrade.exchange.exchange_ws - ERROR - Exception in _unwatch_ohlcv
Traceback (most recent call last):
  File "/freqtrade/freqtrade/exchange/exchange_ws.py", line 144, in _unwatch_ohlcv
    await self._ccxt_object.un_watch_ohlcv_for_symbols([[pair, timeframe]])
  File "/home/ftuser/.local/lib/python3.12/site-packages/ccxt/pro/binance.py", line 1455, in un_watch_ohlcv_for_symbols
    return await self.watch_multiple(url, messageHashes, self.extend(request, params), messageHashes, subscribe)
           ^^^^^^^^^^^^^^^^^^^^^^^^^^^^^^^^^^^^^^^^^^^^^^^^^^^^^^^^^^^^^^^^^^^^^^^^^^^^^^^^^^^^^^^^^^^^^^^^^^^^^
  File "/home/ftuser/.local/lib/python3.12/site-packages/ccxt/async_support/base/ws/future.py", line 41, in callback
    f.result()
ccxt.base.errors.NetworkError: Connection closed by remote server, closing code 1000
2025-03-09 13:40:18,177 - freqtrade.exchange.exchange_ws - ERROR - Exception in _unwatch_ohlcv
Traceback (most recent call last):
  File "/freqtrade/freqtrade/exchange/exchange_ws.py", line 144, in _unwatch_ohlcv
    await self._ccxt_object.un_watch_ohlcv_for_symbols([[pair, timeframe]])
  File "/home/ftuser/.local/lib/python3.12/site-packages/ccxt/pro/binance.py", line 1455, in un_watch_ohlcv_for_symbols
    return await self.watch_multiple(url, messageHashes, self.extend(request, params), messageHashes, subscribe)
           ^^^^^^^^^^^^^^^^^^^^^^^^^^^^^^^^^^^^^^^^^^^^^^^^^^^^^^^^^^^^^^^^^^^^^^^^^^^^^^^^^^^^^^^^^^^^^^^^^^^^^
  File "/home/ftuser/.local/lib/python3.12/site-packages/ccxt/async_support/base/ws/future.py", line 41, in callback
    f.result()
ccxt.base.errors.NetworkError: Connection closed by remote server, closing code 1000
2025-03-09 13:40:18,180 - freqtrade.exchange.exchange_ws - ERROR - Exception in _unwatch_ohlcv
Traceback (most recent call last):
  File "/freqtrade/freqtrade/exchange/exchange_ws.py", line 144, in _unwatch_ohlcv
    await self._ccxt_object.un_watch_ohlcv_for_symbols([[pair, timeframe]])
  File "/home/ftuser/.local/lib/python3.12/site-packages/ccxt/pro/binance.py", line 1455, in un_watch_ohlcv_for_symbols
    return await self.watch_multiple(url, messageHashes, self.extend(request, params), messageHashes, subscribe)
           ^^^^^^^^^^^^^^^^^^^^^^^^^^^^^^^^^^^^^^^^^^^^^^^^^^^^^^^^^^^^^^^^^^^^^^^^^^^^^^^^^^^^^^^^^^^^^^^^^^^^^
  File "/home/ftuser/.local/lib/python3.12/site-packages/ccxt/async_support/base/ws/future.py", line 41, in callback
    f.result()
ccxt.base.errors.NetworkError: Connection closed by remote server, closing code 1000
2025-03-09 13:40:18,184 - freqtrade.exchange.exchange_ws - ERROR - Exception in _unwatch_ohlcv
Traceback (most recent call last):
  File "/freqtrade/freqtrade/exchange/exchange_ws.py", line 144, in _unwatch_ohlcv
    await self._ccxt_object.un_watch_ohlcv_for_symbols([[pair, timeframe]])
  File "/home/ftuser/.local/lib/python3.12/site-packages/ccxt/pro/binance.py", line 1455, in un_watch_ohlcv_for_symbols
    return await self.watch_multiple(url, messageHashes, self.extend(request, params), messageHashes, subscribe)
           ^^^^^^^^^^^^^^^^^^^^^^^^^^^^^^^^^^^^^^^^^^^^^^^^^^^^^^^^^^^^^^^^^^^^^^^^^^^^^^^^^^^^^^^^^^^^^^^^^^^^^
  File "/home/ftuser/.local/lib/python3.12/site-packages/ccxt/async_support/base/ws/future.py", line 41, in callback
    f.result()
ccxt.base.errors.NetworkError: Connection closed by remote server, closing code 1000
2025-03-09 13:40:18,189 - freqtrade.exchange.exchange_ws - ERROR - Exception in _unwatch_ohlcv
Traceback (most recent call last):
  File "/freqtrade/freqtrade/exchange/exchange_ws.py", line 144, in _unwatch_ohlcv
    await self._ccxt_object.un_watch_ohlcv_for_symbols([[pair, timeframe]])
  File "/home/ftuser/.local/lib/python3.12/site-packages/ccxt/pro/binance.py", line 1455, in un_watch_ohlcv_for_symbols
    return await self.watch_multiple(url, messageHashes, self.extend(request, params), messageHashes, subscribe)
           ^^^^^^^^^^^^^^^^^^^^^^^^^^^^^^^^^^^^^^^^^^^^^^^^^^^^^^^^^^^^^^^^^^^^^^^^^^^^^^^^^^^^^^^^^^^^^^^^^^^^^
  File "/home/ftuser/.local/lib/python3.12/site-packages/ccxt/async_support/base/ws/future.py", line 41, in callback
    f.result()
ccxt.base.errors.NetworkError: Connection closed by remote server, closing code 1000
2025-03-09 13:40:18,193 - freqtrade.exchange.exchange_ws - ERROR - Exception in _unwatch_ohlcv
Traceback (most recent call last):
  File "/freqtrade/freqtrade/exchange/exchange_ws.py", line 144, in _unwatch_ohlcv
    await self._ccxt_object.un_watch_ohlcv_for_symbols([[pair, timeframe]])
  File "/home/ftuser/.local/lib/python3.12/site-packages/ccxt/pro/binance.py", line 1455, in un_watch_ohlcv_for_symbols
    return await self.watch_multiple(url, messageHashes, self.extend(request, params), messageHashes, subscribe)
           ^^^^^^^^^^^^^^^^^^^^^^^^^^^^^^^^^^^^^^^^^^^^^^^^^^^^^^^^^^^^^^^^^^^^^^^^^^^^^^^^^^^^^^^^^^^^^^^^^^^^^
  File "/home/ftuser/.local/lib/python3.12/site-packages/ccxt/async_support/base/ws/future.py", line 41, in callback
    f.result()
ccxt.base.errors.NetworkError: Connection closed by remote server, closing code 1000
2025-03-09 13:40:18,196 - freqtrade.exchange.exchange_ws - ERROR - Exception in _unwatch_ohlcv
Traceback (most recent call last):
  File "/freqtrade/freqtrade/exchange/exchange_ws.py", line 144, in _unwatch_ohlcv
    await self._ccxt_object.un_watch_ohlcv_for_symbols([[pair, timeframe]])
  File "/home/ftuser/.local/lib/python3.12/site-packages/ccxt/pro/binance.py", line 1455, in un_watch_ohlcv_for_symbols
    return await self.watch_multiple(url, messageHashes, self.extend(request, params), messageHashes, subscribe)
           ^^^^^^^^^^^^^^^^^^^^^^^^^^^^^^^^^^^^^^^^^^^^^^^^^^^^^^^^^^^^^^^^^^^^^^^^^^^^^^^^^^^^^^^^^^^^^^^^^^^^^
  File "/home/ftuser/.local/lib/python3.12/site-packages/ccxt/async_support/base/ws/future.py", line 41, in callback
    f.result()
ccxt.base.errors.NetworkError: Connection closed by remote server, closing code 1000
2025-03-09 13:40:18,199 - freqtrade.exchange.exchange_ws - ERROR - Exception in _unwatch_ohlcv
Traceback (most recent call last):
  File "/freqtrade/freqtrade/exchange/exchange_ws.py", line 144, in _unwatch_ohlcv
    await self._ccxt_object.un_watch_ohlcv_for_symbols([[pair, timeframe]])
  File "/home/ftuser/.local/lib/python3.12/site-packages/ccxt/pro/binance.py", line 1455, in un_watch_ohlcv_for_symbols
    return await self.watch_multiple(url, messageHashes, self.extend(request, params), messageHashes, subscribe)
           ^^^^^^^^^^^^^^^^^^^^^^^^^^^^^^^^^^^^^^^^^^^^^^^^^^^^^^^^^^^^^^^^^^^^^^^^^^^^^^^^^^^^^^^^^^^^^^^^^^^^^
  File "/home/ftuser/.local/lib/python3.12/site-packages/ccxt/async_support/base/ws/future.py", line 41, in callback
    f.result()
ccxt.base.errors.NetworkError: Connection closed by remote server, closing code 1000
2025-03-09 13:40:18,202 - freqtrade.exchange.exchange_ws - ERROR - Exception in _unwatch_ohlcv
Traceback (most recent call last):
  File "/freqtrade/freqtrade/exchange/exchange_ws.py", line 144, in _unwatch_ohlcv
    await self._ccxt_object.un_watch_ohlcv_for_symbols([[pair, timeframe]])
  File "/home/ftuser/.local/lib/python3.12/site-packages/ccxt/pro/binance.py", line 1455, in un_watch_ohlcv_for_symbols
    return await self.watch_multiple(url, messageHashes, self.extend(request, params), messageHashes, subscribe)
           ^^^^^^^^^^^^^^^^^^^^^^^^^^^^^^^^^^^^^^^^^^^^^^^^^^^^^^^^^^^^^^^^^^^^^^^^^^^^^^^^^^^^^^^^^^^^^^^^^^^^^
  File "/home/ftuser/.local/lib/python3.12/site-packages/ccxt/async_support/base/ws/future.py", line 41, in callback
    f.result()
ccxt.base.errors.NetworkError: Connection closed by remote server, closing code 1000
2025-03-09 13:40:18,206 - freqtrade.exchange.exchange_ws - ERROR - Exception in _unwatch_ohlcv
Traceback (most recent call last):
  File "/freqtrade/freqtrade/exchange/exchange_ws.py", line 144, in _unwatch_ohlcv
    await self._ccxt_object.un_watch_ohlcv_for_symbols([[pair, timeframe]])
  File "/home/ftuser/.local/lib/python3.12/site-packages/ccxt/pro/binance.py", line 1455, in un_watch_ohlcv_for_symbols
    return await self.watch_multiple(url, messageHashes, self.extend(request, params), messageHashes, subscribe)
           ^^^^^^^^^^^^^^^^^^^^^^^^^^^^^^^^^^^^^^^^^^^^^^^^^^^^^^^^^^^^^^^^^^^^^^^^^^^^^^^^^^^^^^^^^^^^^^^^^^^^^
  File "/home/ftuser/.local/lib/python3.12/site-packages/ccxt/async_support/base/ws/future.py", line 41, in callback
    f.result()
ccxt.base.errors.NetworkError: Connection closed by remote server, closing code 1000
2025-03-09 13:40:18,556 - asyncio - ERROR - Task was destroyed but it is pending!
task: <Task pending name='Task-1385' coro=<Throttler.looper() running at /home/ftuser/.local/lib/python3.12/site-packages/ccxt/async_support/base/throttler.py:36> wait_for=<Future finished result=None>>
2025-03-09 13:40:18,825 - freqtrade - INFO - SIGINT received, aborting ...
2025-03-09 13:40:19,339 - asyncio - ERROR - Task was destroyed but it is pending!
task: <Task pending name='Task-1366' coro=<Exchange.watch_multiple.<locals>.after.<locals>.send_message() done, defined at /home/ftuser/.local/lib/python3.12/site-packages/ccxt/async_support/base/exchange.py:428> wait_for=<Future pending cb=[Task.task_wakeup()]>>
2025-03-09 13:40:19,349 - asyncio - ERROR - Task was destroyed but it is pending!
task: <Task pending name='Task-1367' coro=<Exchange.watch_multiple.<locals>.after.<locals>.send_message() done, defined at /home/ftuser/.local/lib/python3.12/site-packages/ccxt/async_support/base/exchange.py:428> wait_for=<Future pending cb=[Task.task_wakeup()]>>
2025-03-09 13:40:19,351 - asyncio - ERROR - Task was destroyed but it is pending!
task: <Task pending name='Task-1368' coro=<Exchange.watch_multiple.<locals>.after.<locals>.send_message() done, defined at /home/ftuser/.local/lib/python3.12/site-packages/ccxt/async_support/base/exchange.py:428> wait_for=<Future pending cb=[Task.task_wakeup()]>>
2025-03-09 13:40:19,355 - asyncio - ERROR - Task was destroyed but it is pending!
task: <Task pending name='Task-1369' coro=<Exchange.watch_multiple.<locals>.after.<locals>.send_message() done, defined at /home/ftuser/.local/lib/python3.12/site-packages/ccxt/async_support/base/exchange.py:428> wait_for=<Future pending cb=[Task.task_wakeup()]>>
2025-03-09 13:40:19,358 - asyncio - ERROR - Task was destroyed but it is pending!
task: <Task pending name='Task-1370' coro=<Exchange.watch_multiple.<locals>.after.<locals>.send_message() done, defined at /home/ftuser/.local/lib/python3.12/site-packages/ccxt/async_support/base/exchange.py:428> wait_for=<Future pending cb=[Task.task_wakeup()]>>
2025-03-09 13:40:19,362 - asyncio - ERROR - Task was destroyed but it is pending!
task: <Task pending name='Task-1371' coro=<Exchange.watch_multiple.<locals>.after.<locals>.send_message() done, defined at /home/ftuser/.local/lib/python3.12/site-packages/ccxt/async_support/base/exchange.py:428> wait_for=<Future pending cb=[Task.task_wakeup()]>>
2025-03-09 13:40:19,366 - asyncio - ERROR - Task was destroyed but it is pending!
task: <Task pending name='Task-1372' coro=<Exchange.watch_multiple.<locals>.after.<locals>.send_message() done, defined at /home/ftuser/.local/lib/python3.12/site-packages/ccxt/async_support/base/exchange.py:428> wait_for=<Future pending cb=[Task.task_wakeup()]>>
2025-03-09 13:40:19,369 - asyncio - ERROR - Task was destroyed but it is pending!
task: <Task pending name='Task-1373' coro=<Exchange.watch_multiple.<locals>.after.<locals>.send_message() done, defined at /home/ftuser/.local/lib/python3.12/site-packages/ccxt/async_support/base/exchange.py:428> wait_for=<Future pending cb=[Task.task_wakeup()]>>
2025-03-09 13:40:19,372 - asyncio - ERROR - Task was destroyed but it is pending!
task: <Task pending name='Task-1374' coro=<Exchange.watch_multiple.<locals>.after.<locals>.send_message() done, defined at /home/ftuser/.local/lib/python3.12/site-packages/ccxt/async_support/base/exchange.py:428> wait_for=<Future pending cb=[Task.task_wakeup()]>>
2025-03-09 13:40:19,375 - asyncio - ERROR - Task was destroyed but it is pending!
task: <Task pending name='Task-1375' coro=<Exchange.watch_multiple.<locals>.after.<locals>.send_message() done, defined at /home/ftuser/.local/lib/python3.12/site-packages/ccxt/async_support/base/exchange.py:428> wait_for=<Future pending cb=[Task.task_wakeup()]>>
2025-03-09 13:40:19,378 - asyncio - ERROR - Task was destroyed but it is pending!
task: <Task pending name='Task-1376' coro=<Exchange.watch_multiple.<locals>.after.<locals>.send_message() done, defined at /home/ftuser/.local/lib/python3.12/site-packages/ccxt/async_support/base/exchange.py:428> wait_for=<Future pending cb=[Task.task_wakeup()]>>
2025-03-09 13:40:19,380 - asyncio - ERROR - Task was destroyed but it is pending!
task: <Task pending name='Task-1377' coro=<Exchange.watch_multiple.<locals>.after.<locals>.send_message() done, defined at /home/ftuser/.local/lib/python3.12/site-packages/ccxt/async_support/base/exchange.py:428> wait_for=<Future pending cb=[Task.task_wakeup()]>>
2025-03-09 13:40:19,383 - asyncio - ERROR - Task was destroyed but it is pending!
task: <Task pending name='Task-1378' coro=<Exchange.watch_multiple.<locals>.after.<locals>.send_message() done, defined at /home/ftuser/.local/lib/python3.12/site-packages/ccxt/async_support/base/exchange.py:428> wait_for=<Future pending cb=[Task.task_wakeup()]>>
2025-03-09 13:40:19,386 - asyncio - ERROR - Task was destroyed but it is pending!
task: <Task pending name='Task-1379' coro=<Exchange.watch_multiple.<locals>.after.<locals>.send_message() done, defined at /home/ftuser/.local/lib/python3.12/site-packages/ccxt/async_support/base/exchange.py:428> wait_for=<Future pending cb=[Task.task_wakeup()]>>
2025-03-09 13:40:19,388 - asyncio - ERROR - Task was destroyed but it is pending!
task: <Task pending name='Task-1380' coro=<Exchange.watch_multiple.<locals>.after.<locals>.send_message() done, defined at /home/ftuser/.local/lib/python3.12/site-packages/ccxt/async_support/base/exchange.py:428> wait_for=<Future pending cb=[Task.task_wakeup()]>>
2025-03-09 13:40:19,390 - asyncio - ERROR - Task was destroyed but it is pending!
task: <Task pending name='Task-1381' coro=<Exchange.watch_multiple.<locals>.after.<locals>.send_message() done, defined at /home/ftuser/.local/lib/python3.12/site-packages/ccxt/async_support/base/exchange.py:428> wait_for=<Future pending cb=[Task.task_wakeup()]>>
2025-03-09 13:40:19,392 - asyncio - ERROR - Task was destroyed but it is pending!
task: <Task pending name='Task-1382' coro=<Exchange.watch_multiple.<locals>.after.<locals>.send_message() done, defined at /home/ftuser/.local/lib/python3.12/site-packages/ccxt/async_support/base/exchange.py:428> wait_for=<Future pending cb=[Task.task_wakeup()]>>
2025-03-09 13:40:19,394 - asyncio - ERROR - Task was destroyed but it is pending!
task: <Task pending name='Task-1383' coro=<Exchange.watch_multiple.<locals>.after.<locals>.send_message() done, defined at /home/ftuser/.local/lib/python3.12/site-packages/ccxt/async_support/base/exchange.py:428> wait_for=<Future pending cb=[Task.task_wakeup()]>>
2025-03-09 13:40:19,397 - asyncio - ERROR - Task was destroyed but it is pending!
task: <Task pending name='Task-1384' coro=<Exchange.watch_multiple.<locals>.after.<locals>.send_message() done, defined at /home/ftuser/.local/lib/python3.12/site-packages/ccxt/async_support/base/exchange.py:428> wait_for=<Future pending cb=[Task.task_wakeup()]>>
2025-03-09 16:12:13,183 - freqtrade.loggers - INFO - Verbosity set to 0
2025-03-09 16:12:13,185 - freqtrade.configuration.configuration - INFO - Runmode set to dry_run.
2025-03-09 16:12:13,187 - freqtrade.configuration.configuration - INFO - Parameter --db-url detected ...
2025-03-09 16:12:13,188 - freqtrade.configuration.configuration - INFO - Dry run is enabled
2025-03-09 16:12:13,190 - freqtrade.configuration.configuration - INFO - Using DB: "sqlite:////freqtrade/user_data/tradesv3.sqlite"
2025-03-09 16:12:13,192 - freqtrade.configuration.configuration - INFO - Using max_open_trades: 3 ...
2025-03-09 16:12:13,270 - freqtrade.configuration.configuration - INFO - Using user-data directory: /freqtrade/user_data ...
2025-03-09 16:12:13,274 - freqtrade.configuration.configuration - INFO - Using data directory: /freqtrade/user_data/data/binance ...
2025-03-09 16:12:13,277 - freqtrade.exchange.check_exchange - INFO - Checking exchange...
2025-03-09 16:12:13,297 - freqtrade.exchange.check_exchange - INFO - Exchange "binance" is officially supported by the Freqtrade development team.
2025-03-09 16:12:13,299 - freqtrade.configuration.configuration - INFO - Using pairlist from configuration.
2025-03-09 16:12:13,372 - freqtrade.resolvers.iresolver - INFO - Using resolved strategy SampleStrategy from '/freqtrade/user_data/strategies/sample_strategy.py'...
2025-03-09 16:12:13,375 - freqtrade.strategy.hyper - INFO - Found no parameter file.
2025-03-09 16:12:13,377 - freqtrade.resolvers.strategy_resolver - INFO - Override strategy 'stake_currency' with value in config file: USDT.
2025-03-09 16:12:13,379 - freqtrade.resolvers.strategy_resolver - INFO - Override strategy 'stake_amount' with value in config file: unlimited.
2025-03-09 16:12:13,381 - freqtrade.resolvers.strategy_resolver - INFO - Override strategy 'unfilledtimeout' with value in config file: {'entry': 10, 'exit': 10, 'exit_timeout_count': 0, 'unit': 'minutes'}.
2025-03-09 16:12:13,382 - freqtrade.resolvers.strategy_resolver - INFO - Override strategy 'max_open_trades' with value in config file: 3.
2025-03-09 16:12:13,385 - freqtrade.resolvers.strategy_resolver - INFO - Strategy using minimal_roi: {'60': 0.01, '30': 0.02, '0': 0.04}
2025-03-09 16:12:13,387 - freqtrade.resolvers.strategy_resolver - INFO - Strategy using timeframe: 5m
2025-03-09 16:12:13,388 - freqtrade.resolvers.strategy_resolver - INFO - Strategy using stoploss: -0.1
2025-03-09 16:12:13,389 - freqtrade.resolvers.strategy_resolver - INFO - Strategy using trailing_stop: False
2025-03-09 16:12:13,391 - freqtrade.resolvers.strategy_resolver - INFO - Strategy using trailing_stop_positive_offset: 0.0
2025-03-09 16:12:13,392 - freqtrade.resolvers.strategy_resolver - INFO - Strategy using trailing_only_offset_is_reached: False
2025-03-09 16:12:13,394 - freqtrade.resolvers.strategy_resolver - INFO - Strategy using use_custom_stoploss: False
2025-03-09 16:12:13,395 - freqtrade.resolvers.strategy_resolver - INFO - Strategy using process_only_new_candles: True
2025-03-09 16:12:13,396 - freqtrade.resolvers.strategy_resolver - INFO - Strategy using order_types: {'entry': 'limit', 'exit': 'limit', 'stoploss': 'market', 'stoploss_on_exchange': False}
2025-03-09 16:12:13,397 - freqtrade.resolvers.strategy_resolver - INFO - Strategy using order_time_in_force: {'entry': 'GTC', 'exit': 'GTC'}
2025-03-09 16:12:13,399 - freqtrade.resolvers.strategy_resolver - INFO - Strategy using stake_currency: USDT
2025-03-09 16:12:13,400 - freqtrade.resolvers.strategy_resolver - INFO - Strategy using stake_amount: unlimited
2025-03-09 16:12:13,401 - freqtrade.resolvers.strategy_resolver - INFO - Strategy using startup_candle_count: 200
2025-03-09 16:12:13,403 - freqtrade.resolvers.strategy_resolver - INFO - Strategy using unfilledtimeout: {'entry': 10, 'exit': 10, 'exit_timeout_count': 0, 'unit': 'minutes'}
2025-03-09 16:12:13,404 - freqtrade.resolvers.strategy_resolver - INFO - Strategy using use_exit_signal: True
2025-03-09 16:12:13,406 - freqtrade.resolvers.strategy_resolver - INFO - Strategy using exit_profit_only: False
2025-03-09 16:12:13,408 - freqtrade.resolvers.strategy_resolver - INFO - Strategy using ignore_roi_if_entry_signal: False
2025-03-09 16:12:13,409 - freqtrade.resolvers.strategy_resolver - INFO - Strategy using exit_profit_offset: 0.0
2025-03-09 16:12:13,411 - freqtrade.resolvers.strategy_resolver - INFO - Strategy using disable_dataframe_checks: False
2025-03-09 16:12:13,412 - freqtrade.resolvers.strategy_resolver - INFO - Strategy using ignore_buying_expired_candle_after: 0
2025-03-09 16:12:13,413 - freqtrade.resolvers.strategy_resolver - INFO - Strategy using position_adjustment_enable: False
2025-03-09 16:12:13,414 - freqtrade.resolvers.strategy_resolver - INFO - Strategy using max_entry_position_adjustment: -1
2025-03-09 16:12:13,416 - freqtrade.resolvers.strategy_resolver - INFO - Strategy using max_open_trades: 3
2025-03-09 16:12:13,417 - freqtrade.configuration.config_validation - INFO - Validating configuration ...
2025-03-09 16:12:13,423 - freqtrade.exchange.exchange - INFO - Instance is running with dry_run enabled
2025-03-09 16:12:13,424 - freqtrade.exchange.exchange - INFO - Using CCXT 4.4.62
2025-03-09 16:12:13,482 - freqtrade.exchange.exchange - INFO - Using Exchange "Binance"
2025-03-09 16:12:16,947 - freqtrade.resolvers.exchange_resolver - INFO - Using resolved exchange 'Binance'...
2025-03-09 16:12:17,453 - freqtrade.wallets - INFO - Wallets synced.
2025-03-09 16:12:17,789 - freqtrade.rpc.rpc_manager - INFO - Enabling rpc.api_server
2025-03-09 16:12:18,260 - freqtrade.rpc.api_server.webserver - INFO - Starting HTTP Server at 0.0.0.0:8080
2025-03-09 16:12:18,263 - freqtrade.rpc.api_server.webserver - INFO - Starting Local Rest Server.
2025-03-09 16:12:18,331 - uvicorn.error - INFO - Started server process [1]
2025-03-09 16:12:18,334 - uvicorn.error - INFO - Waiting for application startup.
2025-03-09 16:12:18,337 - uvicorn.error - INFO - Application startup complete.
2025-03-09 16:12:18,341 - uvicorn.error - INFO - Uvicorn running on http://0.0.0.0:8080 (Press CTRL+C to quit)
2025-03-09 16:12:18,366 - freqtrade.resolvers.iresolver - INFO - Using resolved pairlist StaticPairList from '/freqtrade/freqtrade/plugins/pairlist/StaticPairList.py'...
2025-03-09 16:12:18,369 - freqtrade.freqtradebot - INFO - Starting initial pairlist refresh
2025-03-09 16:12:18,403 - freqtrade.plugins.pairlistmanager - INFO - Whitelist with 0 pairs: []
2025-03-09 16:12:18,406 - freqtrade.freqtradebot - INFO - Initial Pairlist refresh took 0.04s
2025-03-09 16:12:18,411 - freqtrade.strategy.hyper - INFO - No params for buy found, using default values.
2025-03-09 16:12:18,415 - freqtrade.strategy.hyper - INFO - Strategy Parameter(default): buy_rsi = 30
2025-03-09 16:12:18,418 - freqtrade.strategy.hyper - INFO - Strategy Parameter(default): exit_short_rsi = 30
2025-03-09 16:12:18,423 - freqtrade.strategy.hyper - INFO - No params for sell found, using default values.
2025-03-09 16:12:18,426 - freqtrade.strategy.hyper - INFO - Strategy Parameter(default): sell_rsi = 70
2025-03-09 16:12:18,431 - freqtrade.strategy.hyper - INFO - Strategy Parameter(default): short_rsi = 70
2025-03-09 16:12:18,434 - freqtrade.strategy.hyper - INFO - No params for protection found, using default values.
2025-03-09 16:12:18,439 - freqtrade.plugins.protectionmanager - INFO - No protection Handlers defined.
2025-03-09 16:12:18,442 - freqtrade.rpc.rpc_manager - INFO - Sending rpc message: {'type': status, 'status': 'running'}
2025-03-09 16:12:18,446 - freqtrade.worker - INFO - Changing state to: RUNNING
2025-03-09 16:12:18,475 - freqtrade.rpc.rpc_manager - INFO - Sending rpc message: {'type': warning, 'status': 'Dry run is enabled. All trades are simulated.'}
2025-03-09 16:12:18,477 - freqtrade.rpc.rpc_manager - INFO - Sending rpc message: {'type': startup, 'status': "*Exchange:* `binance`\n*Stake per trade:* `unlimited USDT`\n*Minimum ROI:* `{'60': 0.01, '30': 0.02, '0': 0.04}`\n*Stoploss:* `-0.1`\n*Position adjustment:* `Off`\n*Timeframe:* `5m`\n*Strategy:* `SampleStrategy`"}
2025-03-09 16:12:18,480 - freqtrade.rpc.rpc_manager - INFO - Sending rpc message: {'type': startup, 'status': "Searching for USDT pairs to buy and sell based on [{'StaticPairList': 'StaticPairList'}]"}
2025-03-09 16:12:18,541 - freqtrade.freqtradebot - INFO - Active pair whitelist is empty.
2025-03-09 16:12:23,498 - freqtrade.worker - INFO - Bot heartbeat. PID=1, version='2025.2', state='RUNNING'
2025-03-09 16:12:54,681 - uvicorn.error - INFO - ('172.18.0.1', 40032) - "WebSocket /api/v1/message/ws?token=eyJhbGciOiJIUzI1NiIsInR5cCI6IkpXVCJ9.eyJpZGVudGl0eSI6eyJ1IjoiZnEifSwiZXhwIjoxNzQxNTM3Njc0LCJpYXQiOjE3NDE1MzY3NzQsInR5cGUiOiJhY2Nlc3MifQ.toUl9dKqR6Z3Gaqe8m01YSIne4CBPmMSGav7ylGKKDo" [accepted]
2025-03-09 16:12:54,685 - freqtrade.rpc.api_server.ws.channel - INFO - Connected to channel - WebSocketChannel(ae15e39a, ('172.18.0.1', 40032))
2025-03-09 16:12:54,689 - uvicorn.error - INFO - connection open
2025-03-09 16:13:23,501 - freqtrade.worker - INFO - Bot heartbeat. PID=1, version='2025.2', state='RUNNING'
2025-03-09 16:14:23,537 - freqtrade.worker - INFO - Bot heartbeat. PID=1, version='2025.2', state='RUNNING'
2025-03-09 16:15:26,000 - freqtrade.worker - INFO - Bot heartbeat. PID=1, version='2025.2', state='RUNNING'
2025-03-09 16:16:26,003 - freqtrade.worker - INFO - Bot heartbeat. PID=1, version='2025.2', state='RUNNING'
2025-03-09 16:17:21,053 - freqtrade.freqtradebot - INFO - Active pair whitelist is empty.
2025-03-09 16:17:26,013 - freqtrade.worker - INFO - Bot heartbeat. PID=1, version='2025.2', state='RUNNING'
2025-03-09 16:18:26,021 - freqtrade.worker - INFO - Bot heartbeat. PID=1, version='2025.2', state='RUNNING'
2025-03-09 16:19:26,024 - freqtrade.worker - INFO - Bot heartbeat. PID=1, version='2025.2', state='RUNNING'
2025-03-09 16:20:31,001 - freqtrade.worker - INFO - Bot heartbeat. PID=1, version='2025.2', state='RUNNING'
2025-03-09 16:21:31,007 - freqtrade.worker - INFO - Bot heartbeat. PID=1, version='2025.2', state='RUNNING'
2025-03-09 16:22:21,052 - freqtrade.freqtradebot - INFO - Active pair whitelist is empty.
2025-03-09 16:22:31,014 - freqtrade.worker - INFO - Bot heartbeat. PID=1, version='2025.2', state='RUNNING'
2025-03-09 16:23:31,017 - freqtrade.worker - INFO - Bot heartbeat. PID=1, version='2025.2', state='RUNNING'
2025-03-09 16:24:31,023 - freqtrade.worker - INFO - Bot heartbeat. PID=1, version='2025.2', state='RUNNING'
2025-03-09 16:25:36,004 - freqtrade.worker - INFO - Bot heartbeat. PID=1, version='2025.2', state='RUNNING'
2025-03-09 16:26:36,007 - freqtrade.worker - INFO - Bot heartbeat. PID=1, version='2025.2', state='RUNNING'
2025-03-09 16:27:21,046 - freqtrade.freqtradebot - INFO - Active pair whitelist is empty.
2025-03-09 16:27:36,012 - freqtrade.worker - INFO - Bot heartbeat. PID=1, version='2025.2', state='RUNNING'
2025-03-09 16:28:36,015 - freqtrade.worker - INFO - Bot heartbeat. PID=1, version='2025.2', state='RUNNING'
2025-03-09 16:29:36,018 - freqtrade.worker - INFO - Bot heartbeat. PID=1, version='2025.2', state='RUNNING'
2025-03-09 16:30:41,003 - freqtrade.worker - INFO - Bot heartbeat. PID=1, version='2025.2', state='RUNNING'
2025-03-09 16:31:41,007 - freqtrade.worker - INFO - Bot heartbeat. PID=1, version='2025.2', state='RUNNING'
2025-03-09 16:32:21,033 - freqtrade.freqtradebot - INFO - Active pair whitelist is empty.
2025-03-09 16:32:41,011 - freqtrade.worker - INFO - Bot heartbeat. PID=1, version='2025.2', state='RUNNING'
2025-03-09 16:33:41,015 - freqtrade.worker - INFO - Bot heartbeat. PID=1, version='2025.2', state='RUNNING'
2025-03-09 16:34:41,020 - freqtrade.worker - INFO - Bot heartbeat. PID=1, version='2025.2', state='RUNNING'
2025-03-09 16:35:46,003 - freqtrade.worker - INFO - Bot heartbeat. PID=1, version='2025.2', state='RUNNING'
2025-03-09 16:36:46,008 - freqtrade.worker - INFO - Bot heartbeat. PID=1, version='2025.2', state='RUNNING'
2025-03-09 16:37:21,045 - freqtrade.freqtradebot - INFO - Active pair whitelist is empty.
2025-03-09 16:37:46,012 - freqtrade.worker - INFO - Bot heartbeat. PID=1, version='2025.2', state='RUNNING'
2025-03-09 16:38:46,016 - freqtrade.worker - INFO - Bot heartbeat. PID=1, version='2025.2', state='RUNNING'
2025-03-09 16:39:46,021 - freqtrade.worker - INFO - Bot heartbeat. PID=1, version='2025.2', state='RUNNING'
2025-03-09 16:40:51,000 - freqtrade.worker - INFO - Bot heartbeat. PID=1, version='2025.2', state='RUNNING'
2025-03-09 16:41:51,004 - freqtrade.worker - INFO - Bot heartbeat. PID=1, version='2025.2', state='RUNNING'
2025-03-09 16:42:21,047 - freqtrade.freqtradebot - INFO - Active pair whitelist is empty.
2025-03-09 16:42:51,011 - freqtrade.worker - INFO - Bot heartbeat. PID=1, version='2025.2', state='RUNNING'
2025-03-09 16:43:51,015 - freqtrade.worker - INFO - Bot heartbeat. PID=1, version='2025.2', state='RUNNING'
2025-03-09 16:44:51,021 - freqtrade.worker - INFO - Bot heartbeat. PID=1, version='2025.2', state='RUNNING'
2025-03-09 16:45:56,000 - freqtrade.worker - INFO - Bot heartbeat. PID=1, version='2025.2', state='RUNNING'
2025-03-09 16:46:56,005 - freqtrade.worker - INFO - Bot heartbeat. PID=1, version='2025.2', state='RUNNING'
2025-03-09 16:47:21,041 - freqtrade.freqtradebot - INFO - Active pair whitelist is empty.
2025-03-09 16:47:56,010 - freqtrade.worker - INFO - Bot heartbeat. PID=1, version='2025.2', state='RUNNING'
2025-03-09 16:48:56,015 - freqtrade.worker - INFO - Bot heartbeat. PID=1, version='2025.2', state='RUNNING'
2025-03-09 16:49:56,022 - freqtrade.worker - INFO - Bot heartbeat. PID=1, version='2025.2', state='RUNNING'
2025-03-09 16:51:01,002 - freqtrade.worker - INFO - Bot heartbeat. PID=1, version='2025.2', state='RUNNING'
2025-03-09 16:52:01,009 - freqtrade.worker - INFO - Bot heartbeat. PID=1, version='2025.2', state='RUNNING'
2025-03-09 16:52:21,055 - freqtrade.freqtradebot - INFO - Active pair whitelist is empty.
2025-03-09 16:53:01,019 - freqtrade.worker - INFO - Bot heartbeat. PID=1, version='2025.2', state='RUNNING'
2025-03-09 16:54:01,024 - freqtrade.worker - INFO - Bot heartbeat. PID=1, version='2025.2', state='RUNNING'
2025-03-09 16:55:06,001 - freqtrade.worker - INFO - Bot heartbeat. PID=1, version='2025.2', state='RUNNING'
2025-03-09 16:56:06,006 - freqtrade.worker - INFO - Bot heartbeat. PID=1, version='2025.2', state='RUNNING'
2025-03-09 16:57:06,010 - freqtrade.worker - INFO - Bot heartbeat. PID=1, version='2025.2', state='RUNNING'
2025-03-09 16:57:21,056 - freqtrade.freqtradebot - INFO - Active pair whitelist is empty.
2025-03-09 16:58:06,017 - freqtrade.worker - INFO - Bot heartbeat. PID=1, version='2025.2', state='RUNNING'
2025-03-09 16:59:06,024 - freqtrade.worker - INFO - Bot heartbeat. PID=1, version='2025.2', state='RUNNING'
2025-03-09 17:00:11,001 - freqtrade.worker - INFO - Bot heartbeat. PID=1, version='2025.2', state='RUNNING'
2025-03-09 17:01:11,008 - freqtrade.worker - INFO - Bot heartbeat. PID=1, version='2025.2', state='RUNNING'
2025-03-09 17:02:11,011 - freqtrade.worker - INFO - Bot heartbeat. PID=1, version='2025.2', state='RUNNING'
2025-03-09 17:02:21,042 - freqtrade.freqtradebot - INFO - Active pair whitelist is empty.
2025-03-09 17:03:11,014 - freqtrade.worker - INFO - Bot heartbeat. PID=1, version='2025.2', state='RUNNING'
2025-03-09 17:04:11,018 - freqtrade.worker - INFO - Bot heartbeat. PID=1, version='2025.2', state='RUNNING'
2025-03-09 17:05:16,002 - freqtrade.worker - INFO - Bot heartbeat. PID=1, version='2025.2', state='RUNNING'
2025-03-09 17:06:16,012 - freqtrade.worker - INFO - Bot heartbeat. PID=1, version='2025.2', state='RUNNING'
2025-03-09 17:07:16,019 - freqtrade.worker - INFO - Bot heartbeat. PID=1, version='2025.2', state='RUNNING'
2025-03-09 17:07:21,053 - freqtrade.freqtradebot - INFO - Active pair whitelist is empty.
2025-03-09 17:08:16,025 - freqtrade.worker - INFO - Bot heartbeat. PID=1, version='2025.2', state='RUNNING'
2025-03-09 17:09:16,030 - freqtrade.worker - INFO - Bot heartbeat. PID=1, version='2025.2', state='RUNNING'
2025-03-09 17:10:11,283 - uvicorn.error - INFO - connection closed
2025-03-09 17:10:11,329 - freqtrade.rpc.api_server.ws.channel - INFO - Disconnected from channel - WebSocketChannel(ae15e39a, ('172.18.0.1', 40032))
2025-03-09 17:22:14,349 - freqtrade.worker - INFO - Bot heartbeat. PID=1, version='2025.2', state='RUNNING'
2025-03-09 17:22:17,252 - uvicorn.error - INFO - ('172.18.0.1', 54032) - "WebSocket /api/v1/message/ws?token=eyJhbGciOiJIUzI1NiIsInR5cCI6IkpXVCJ9.eyJpZGVudGl0eSI6eyJ1IjoiZnEifSwiZXhwIjoxNzQxNTM3Njc0LCJpYXQiOjE3NDE1MzY3NzQsInR5cGUiOiJhY2Nlc3MifQ.toUl9dKqR6Z3Gaqe8m01YSIne4CBPmMSGav7ylGKKDo" 403
2025-03-09 17:22:17,254 - uvicorn.error - INFO - connection rejected (403 Forbidden)
2025-03-09 17:22:17,257 - uvicorn.error - INFO - connection closed
2025-03-09 17:23:14,352 - freqtrade.worker - INFO - Bot heartbeat. PID=1, version='2025.2', state='RUNNING'
2025-03-09 17:24:14,360 - freqtrade.worker - INFO - Bot heartbeat. PID=1, version='2025.2', state='RUNNING'
2025-03-09 17:24:14,388 - freqtrade.plugins.pairlistmanager - INFO - Whitelist with 0 pairs: []
2025-03-09 17:24:14,395 - freqtrade.freqtradebot - INFO - Active pair whitelist is empty.
2025-03-09 17:25:16,000 - freqtrade.worker - INFO - Bot heartbeat. PID=1, version='2025.2', state='RUNNING'
2025-03-09 17:26:16,003 - freqtrade.worker - INFO - Bot heartbeat. PID=1, version='2025.2', state='RUNNING'
2025-03-09 17:27:16,009 - freqtrade.worker - INFO - Bot heartbeat. PID=1, version='2025.2', state='RUNNING'
2025-03-09 17:28:16,013 - freqtrade.worker - INFO - Bot heartbeat. PID=1, version='2025.2', state='RUNNING'
2025-03-09 17:29:16,017 - freqtrade.worker - INFO - Bot heartbeat. PID=1, version='2025.2', state='RUNNING'
2025-03-09 17:29:16,045 - freqtrade.freqtradebot - INFO - Active pair whitelist is empty.
2025-03-09 17:30:21,002 - freqtrade.worker - INFO - Bot heartbeat. PID=1, version='2025.2', state='RUNNING'
2025-03-09 17:31:21,015 - freqtrade.worker - INFO - Bot heartbeat. PID=1, version='2025.2', state='RUNNING'
2025-03-09 17:32:21,020 - freqtrade.worker - INFO - Bot heartbeat. PID=1, version='2025.2', state='RUNNING'
2025-03-09 17:33:21,024 - freqtrade.worker - INFO - Bot heartbeat. PID=1, version='2025.2', state='RUNNING'
2025-03-09 17:34:16,051 - freqtrade.freqtradebot - INFO - Active pair whitelist is empty.
2025-03-09 17:34:21,030 - freqtrade.worker - INFO - Bot heartbeat. PID=1, version='2025.2', state='RUNNING'
2025-03-09 17:35:26,000 - freqtrade.worker - INFO - Bot heartbeat. PID=1, version='2025.2', state='RUNNING'
2025-03-09 17:36:26,004 - freqtrade.worker - INFO - Bot heartbeat. PID=1, version='2025.2', state='RUNNING'
2025-03-09 17:37:26,006 - freqtrade.worker - INFO - Bot heartbeat. PID=1, version='2025.2', state='RUNNING'
2025-03-09 17:38:26,011 - freqtrade.worker - INFO - Bot heartbeat. PID=1, version='2025.2', state='RUNNING'
2025-03-09 17:39:16,051 - freqtrade.freqtradebot - INFO - Active pair whitelist is empty.
2025-03-09 17:39:26,017 - freqtrade.worker - INFO - Bot heartbeat. PID=1, version='2025.2', state='RUNNING'
2025-03-09 17:40:31,000 - freqtrade.worker - INFO - Bot heartbeat. PID=1, version='2025.2', state='RUNNING'
2025-03-09 17:41:31,005 - freqtrade.worker - INFO - Bot heartbeat. PID=1, version='2025.2', state='RUNNING'
2025-03-09 17:42:31,014 - freqtrade.worker - INFO - Bot heartbeat. PID=1, version='2025.2', state='RUNNING'
2025-03-09 17:43:31,018 - freqtrade.worker - INFO - Bot heartbeat. PID=1, version='2025.2', state='RUNNING'
2025-03-09 17:44:16,038 - freqtrade.freqtradebot - INFO - Active pair whitelist is empty.
2025-03-09 17:44:31,022 - freqtrade.worker - INFO - Bot heartbeat. PID=1, version='2025.2', state='RUNNING'
2025-03-09 17:45:36,001 - freqtrade.worker - INFO - Bot heartbeat. PID=1, version='2025.2', state='RUNNING'
2025-03-09 17:46:36,003 - freqtrade.worker - INFO - Bot heartbeat. PID=1, version='2025.2', state='RUNNING'
2025-03-09 17:47:36,010 - freqtrade.worker - INFO - Bot heartbeat. PID=1, version='2025.2', state='RUNNING'
2025-03-09 17:48:36,014 - freqtrade.worker - INFO - Bot heartbeat. PID=1, version='2025.2', state='RUNNING'
2025-03-09 17:49:16,031 - freqtrade.freqtradebot - INFO - Active pair whitelist is empty.
2025-03-09 17:49:36,017 - freqtrade.worker - INFO - Bot heartbeat. PID=1, version='2025.2', state='RUNNING'
2025-03-09 17:50:41,004 - freqtrade.worker - INFO - Bot heartbeat. PID=1, version='2025.2', state='RUNNING'
2025-03-09 17:51:41,012 - freqtrade.worker - INFO - Bot heartbeat. PID=1, version='2025.2', state='RUNNING'
2025-03-09 17:52:41,013 - freqtrade.worker - INFO - Bot heartbeat. PID=1, version='2025.2', state='RUNNING'
2025-03-09 17:53:41,019 - freqtrade.worker - INFO - Bot heartbeat. PID=1, version='2025.2', state='RUNNING'
2025-03-09 17:54:16,044 - freqtrade.freqtradebot - INFO - Active pair whitelist is empty.
2025-03-09 17:54:41,025 - freqtrade.worker - INFO - Bot heartbeat. PID=1, version='2025.2', state='RUNNING'
2025-03-09 17:55:46,001 - freqtrade.worker - INFO - Bot heartbeat. PID=1, version='2025.2', state='RUNNING'
2025-03-09 17:56:46,005 - freqtrade.worker - INFO - Bot heartbeat. PID=1, version='2025.2', state='RUNNING'
2025-03-09 17:57:46,012 - freqtrade.worker - INFO - Bot heartbeat. PID=1, version='2025.2', state='RUNNING'
2025-03-09 17:58:46,018 - freqtrade.worker - INFO - Bot heartbeat. PID=1, version='2025.2', state='RUNNING'
2025-03-09 17:59:16,077 - freqtrade.freqtradebot - INFO - Active pair whitelist is empty.
2025-03-09 17:59:46,026 - freqtrade.worker - INFO - Bot heartbeat. PID=1, version='2025.2', state='RUNNING'
2025-03-09 18:00:50,999 - freqtrade.worker - INFO - Bot heartbeat. PID=1, version='2025.2', state='RUNNING'
2025-03-09 18:01:51,006 - freqtrade.worker - INFO - Bot heartbeat. PID=1, version='2025.2', state='RUNNING'
2025-03-09 18:02:51,012 - freqtrade.worker - INFO - Bot heartbeat. PID=1, version='2025.2', state='RUNNING'
2025-03-09 18:03:51,018 - freqtrade.worker - INFO - Bot heartbeat. PID=1, version='2025.2', state='RUNNING'
2025-03-09 18:04:16,065 - freqtrade.freqtradebot - INFO - Active pair whitelist is empty.
2025-03-09 18:04:51,031 - freqtrade.worker - INFO - Bot heartbeat. PID=1, version='2025.2', state='RUNNING'
2025-03-09 18:05:56,003 - freqtrade.worker - INFO - Bot heartbeat. PID=1, version='2025.2', state='RUNNING'
2025-03-09 18:06:56,007 - freqtrade.worker - INFO - Bot heartbeat. PID=1, version='2025.2', state='RUNNING'
2025-03-09 18:07:56,014 - freqtrade.worker - INFO - Bot heartbeat. PID=1, version='2025.2', state='RUNNING'
2025-03-09 18:08:56,017 - freqtrade.worker - INFO - Bot heartbeat. PID=1, version='2025.2', state='RUNNING'
2025-03-09 18:09:16,054 - freqtrade.freqtradebot - INFO - Active pair whitelist is empty.
2025-03-09 18:09:56,022 - freqtrade.worker - INFO - Bot heartbeat. PID=1, version='2025.2', state='RUNNING'
2025-03-09 18:11:01,002 - freqtrade.worker - INFO - Bot heartbeat. PID=1, version='2025.2', state='RUNNING'
2025-03-09 18:12:01,011 - freqtrade.worker - INFO - Bot heartbeat. PID=1, version='2025.2', state='RUNNING'
2025-03-09 18:13:01,018 - freqtrade.worker - INFO - Bot heartbeat. PID=1, version='2025.2', state='RUNNING'
2025-03-09 18:14:01,026 - freqtrade.worker - INFO - Bot heartbeat. PID=1, version='2025.2', state='RUNNING'
2025-03-09 18:14:16,068 - freqtrade.freqtradebot - INFO - Active pair whitelist is empty.
2025-03-09 19:24:13,250 - freqtrade.worker - INFO - Bot heartbeat. PID=1, version='2025.2', state='RUNNING'
2025-03-10 06:51:36,998 - freqtrade.loggers - INFO - Verbosity set to 0
2025-03-10 06:51:37,001 - freqtrade.configuration.configuration - INFO - Runmode set to dry_run.
2025-03-10 06:51:37,003 - freqtrade.configuration.configuration - INFO - Parameter --db-url detected ...
2025-03-10 06:51:37,005 - freqtrade.configuration.configuration - INFO - Dry run is enabled
2025-03-10 06:51:37,006 - freqtrade.configuration.configuration - INFO - Using DB: "sqlite:////freqtrade/user_data/tradesv3.sqlite"
2025-03-10 06:51:37,007 - freqtrade.configuration.configuration - INFO - Using max_open_trades: 3 ...
2025-03-10 06:51:37,156 - freqtrade.configuration.configuration - INFO - Using user-data directory: /freqtrade/user_data ...
2025-03-10 06:51:37,165 - freqtrade.configuration.configuration - INFO - Using data directory: /freqtrade/user_data/data/binance ...
2025-03-10 06:51:37,169 - freqtrade.exchange.check_exchange - INFO - Checking exchange...
2025-03-10 06:51:37,192 - freqtrade.exchange.check_exchange - INFO - Exchange "binance" is officially supported by the Freqtrade development team.
2025-03-10 06:51:37,194 - freqtrade.configuration.configuration - INFO - Using pairlist from configuration.
2025-03-10 06:51:37,267 - freqtrade - ERROR - Impossible to load Strategy 'SampleStrategy'. This class does not exist or contains Python code errors.
2025-03-10 06:51:44,851 - freqtrade.loggers - INFO - Verbosity set to 0
2025-03-10 06:51:44,853 - freqtrade.configuration.configuration - INFO - Runmode set to dry_run.
2025-03-10 06:51:44,855 - freqtrade.configuration.configuration - INFO - Parameter --db-url detected ...
2025-03-10 06:51:44,857 - freqtrade.configuration.configuration - INFO - Dry run is enabled
2025-03-10 06:51:44,859 - freqtrade.configuration.configuration - INFO - Using DB: "sqlite:////freqtrade/user_data/tradesv3.sqlite"
2025-03-10 06:51:44,861 - freqtrade.configuration.configuration - INFO - Using max_open_trades: 3 ...
2025-03-10 06:51:44,962 - freqtrade.configuration.configuration - INFO - Using user-data directory: /freqtrade/user_data ...
2025-03-10 06:51:44,967 - freqtrade.configuration.configuration - INFO - Using data directory: /freqtrade/user_data/data/binance ...
2025-03-10 06:51:44,969 - freqtrade.exchange.check_exchange - INFO - Checking exchange...
2025-03-10 06:51:44,989 - freqtrade.exchange.check_exchange - INFO - Exchange "binance" is officially supported by the Freqtrade development team.
2025-03-10 06:51:44,990 - freqtrade.configuration.configuration - INFO - Using pairlist from configuration.
2025-03-10 06:51:45,036 - freqtrade - ERROR - Impossible to load Strategy 'SampleStrategy'. This class does not exist or contains Python code errors.
2025-03-10 06:51:52,107 - freqtrade.loggers - INFO - Verbosity set to 0
2025-03-10 06:51:52,109 - freqtrade.configuration.configuration - INFO - Runmode set to dry_run.
2025-03-10 06:51:52,111 - freqtrade.configuration.configuration - INFO - Parameter --db-url detected ...
2025-03-10 06:51:52,113 - freqtrade.configuration.configuration - INFO - Dry run is enabled
2025-03-10 06:51:52,115 - freqtrade.configuration.configuration - INFO - Using DB: "sqlite:////freqtrade/user_data/dbs/tradesv3.sqlite"
2025-03-10 06:51:52,117 - freqtrade.configuration.configuration - INFO - Using max_open_trades: 3 ...
2025-03-10 06:51:52,249 - freqtrade.configuration.configuration - INFO - Using user-data directory: /freqtrade/user_data ...
2025-03-10 06:51:52,253 - freqtrade.configuration.configuration - INFO - Using data directory: /freqtrade/user_data/data/binance ...
2025-03-10 06:51:52,256 - freqtrade.exchange.check_exchange - INFO - Checking exchange...
2025-03-10 06:51:52,278 - freqtrade.exchange.check_exchange - INFO - Exchange "binance" is officially supported by the Freqtrade development team.
2025-03-10 06:51:52,280 - freqtrade.configuration.configuration - INFO - Using pairlist from configuration.
2025-03-10 06:51:52,326 - freqtrade - ERROR - Impossible to load Strategy 'SampleStrategy'. This class does not exist or contains Python code errors.
2025-03-10 06:51:59,160 - freqtrade.loggers - INFO - Verbosity set to 0
2025-03-10 06:51:59,164 - freqtrade.configuration.configuration - INFO - Runmode set to dry_run.
2025-03-10 06:51:59,166 - freqtrade.configuration.configuration - INFO - Parameter --db-url detected ...
2025-03-10 06:51:59,168 - freqtrade.configuration.configuration - INFO - Dry run is enabled
2025-03-10 06:51:59,172 - freqtrade.configuration.configuration - INFO - Using DB: "sqlite:////freqtrade/user_data/dbs/tradesv3.sqlite"
2025-03-10 06:51:59,176 - freqtrade.configuration.configuration - INFO - Using max_open_trades: 3 ...
2025-03-10 06:51:59,272 - freqtrade.configuration.configuration - INFO - Using user-data directory: /freqtrade/user_data ...
2025-03-10 06:51:59,276 - freqtrade.configuration.configuration - INFO - Using data directory: /freqtrade/user_data/data/binance ...
2025-03-10 06:51:59,280 - freqtrade.exchange.check_exchange - INFO - Checking exchange...
2025-03-10 06:51:59,304 - freqtrade.exchange.check_exchange - INFO - Exchange "binance" is officially supported by the Freqtrade development team.
2025-03-10 06:51:59,308 - freqtrade.configuration.configuration - INFO - Using pairlist from configuration.
2025-03-10 06:51:59,350 - freqtrade - ERROR - Impossible to load Strategy 'SampleStrategy'. This class does not exist or contains Python code errors.
2025-03-10 06:52:06,069 - freqtrade.loggers - INFO - Verbosity set to 0
2025-03-10 06:52:06,072 - freqtrade.configuration.configuration - INFO - Runmode set to dry_run.
2025-03-10 06:52:06,075 - freqtrade.configuration.configuration - INFO - Parameter --db-url detected ...
2025-03-10 06:52:06,076 - freqtrade.configuration.configuration - INFO - Dry run is enabled
2025-03-10 06:52:06,080 - freqtrade.configuration.configuration - INFO - Using DB: "sqlite:////freqtrade/user_data/dbs/tradesv3.sqlite"
2025-03-10 06:52:06,082 - freqtrade.configuration.configuration - INFO - Using max_open_trades: 3 ...
2025-03-10 06:52:06,309 - freqtrade.configuration.configuration - INFO - Using user-data directory: /freqtrade/user_data ...
2025-03-10 06:52:06,317 - freqtrade.configuration.configuration - INFO - Using data directory: /freqtrade/user_data/data/binance ...
2025-03-10 06:52:06,321 - freqtrade.exchange.check_exchange - INFO - Checking exchange...
2025-03-10 06:52:06,354 - freqtrade.exchange.check_exchange - INFO - Exchange "binance" is officially supported by the Freqtrade development team.
2025-03-10 06:52:06,359 - freqtrade.configuration.configuration - INFO - Using pairlist from configuration.
2025-03-10 06:52:06,447 - freqtrade - ERROR - Impossible to load Strategy 'SampleStrategy'. This class does not exist or contains Python code errors.
2025-03-10 06:52:13,261 - freqtrade.loggers - INFO - Verbosity set to 0
2025-03-10 06:52:13,264 - freqtrade.configuration.configuration - INFO - Runmode set to dry_run.
2025-03-10 06:52:13,267 - freqtrade.configuration.configuration - INFO - Parameter --db-url detected ...
2025-03-10 06:52:13,271 - freqtrade.configuration.configuration - INFO - Dry run is enabled
2025-03-10 06:52:13,277 - freqtrade.configuration.configuration - INFO - Using DB: "sqlite:////freqtrade/user_data/dbs/tradesv3.sqlite"
2025-03-10 06:52:13,282 - freqtrade.configuration.configuration - INFO - Using max_open_trades: 3 ...
2025-03-10 06:52:13,536 - freqtrade.configuration.configuration - INFO - Using user-data directory: /freqtrade/user_data ...
2025-03-10 06:52:13,545 - freqtrade.configuration.configuration - INFO - Using data directory: /freqtrade/user_data/data/binance ...
2025-03-10 06:52:13,548 - freqtrade.exchange.check_exchange - INFO - Checking exchange...
2025-03-10 06:52:13,578 - freqtrade.exchange.check_exchange - INFO - Exchange "binance" is officially supported by the Freqtrade development team.
2025-03-10 06:52:13,579 - freqtrade.configuration.configuration - INFO - Using pairlist from configuration.
2025-03-10 06:52:13,658 - freqtrade - ERROR - Impossible to load Strategy 'SampleStrategy'. This class does not exist or contains Python code errors.
2025-03-10 06:52:20,841 - freqtrade.loggers - INFO - Verbosity set to 0
2025-03-10 06:52:20,844 - freqtrade.configuration.configuration - INFO - Runmode set to dry_run.
2025-03-10 06:52:20,845 - freqtrade.configuration.configuration - INFO - Parameter --db-url detected ...
2025-03-10 06:52:20,851 - freqtrade.configuration.configuration - INFO - Dry run is enabled
2025-03-10 06:52:20,853 - freqtrade.configuration.configuration - INFO - Using DB: "sqlite:////freqtrade/user_data/dbs/tradesv3.sqlite"
2025-03-10 06:52:20,856 - freqtrade.configuration.configuration - INFO - Using max_open_trades: 3 ...
2025-03-10 06:52:20,997 - freqtrade.configuration.configuration - INFO - Using user-data directory: /freqtrade/user_data ...
2025-03-10 06:52:21,005 - freqtrade.configuration.configuration - INFO - Using data directory: /freqtrade/user_data/data/binance ...
2025-03-10 06:52:21,010 - freqtrade.exchange.check_exchange - INFO - Checking exchange...
2025-03-10 06:52:21,051 - freqtrade.exchange.check_exchange - INFO - Exchange "binance" is officially supported by the Freqtrade development team.
2025-03-10 06:52:21,059 - freqtrade.configuration.configuration - INFO - Using pairlist from configuration.
2025-03-10 06:52:21,118 - freqtrade - ERROR - Impossible to load Strategy 'SampleStrategy'. This class does not exist or contains Python code errors.
2025-03-10 06:52:29,055 - freqtrade.loggers - INFO - Verbosity set to 0
2025-03-10 06:52:29,057 - freqtrade.configuration.configuration - INFO - Runmode set to dry_run.
2025-03-10 06:52:29,060 - freqtrade.configuration.configuration - INFO - Parameter --db-url detected ...
2025-03-10 06:52:29,062 - freqtrade.configuration.configuration - INFO - Dry run is enabled
2025-03-10 06:52:29,065 - freqtrade.configuration.configuration - INFO - Using DB: "sqlite:////freqtrade/user_data/dbs/tradesv3.sqlite"
2025-03-10 06:52:29,067 - freqtrade.configuration.configuration - INFO - Using max_open_trades: 3 ...
2025-03-10 06:52:29,134 - freqtrade.configuration.configuration - INFO - Using user-data directory: /freqtrade/user_data ...
2025-03-10 06:52:29,139 - freqtrade.configuration.configuration - INFO - Using data directory: /freqtrade/user_data/data/binance ...
2025-03-10 06:52:29,143 - freqtrade.exchange.check_exchange - INFO - Checking exchange...
2025-03-10 06:52:29,167 - freqtrade.exchange.check_exchange - INFO - Exchange "binance" is officially supported by the Freqtrade development team.
2025-03-10 06:52:29,169 - freqtrade.configuration.configuration - INFO - Using pairlist from configuration.
2025-03-10 06:52:29,205 - freqtrade - ERROR - Impossible to load Strategy 'SampleStrategy'. This class does not exist or contains Python code errors.
